<?xml version="1.0" encoding="UTF-8"?>
<testsuite xmlns:xsi="http://www.w3.org/2001/XMLSchema-instance" xsi:noNamespaceSchemaLocation="https://maven.apache.org/surefire/maven-surefire-plugin/xsd/surefire-test-report.xsd" name="calc.AppTest" time="0.091" tests="8" errors="0" skipped="0" failures="0">
  <properties>
[...]
</properties>
  <testcase name="testSquareRootNegative" classname="calc.AppTest" time="0.009"/>
  <testcase name="testExponent" classname="calc.AppTest" time="0"/>
  <testcase name="testMultiplication" classname="calc.AppTest" time="0.002"/>
  <testcase name="testAddition" classname="calc.AppTest" time="0"/>
  <testcase name="testCubeRoot" classname="calc.AppTest" time="0"/>
  <testcase name="testDivision" classname="calc.AppTest" time="0"/>
  <testcase name="testSquareRoot" classname="calc.AppTest" time="0.001"/>
  <testcase name="testSubtraction" classname="calc.AppTest" time="0"/>
</testsuite>